  Chapter_12.cpp
i:\raytracingthenextweek\raytracing\raytracing\vec3.h(60): warning C4244: “初始化”: 从“double”转换到“float”，可能丢失数据
i:\raytracingthenextweek\raytracing\raytracing\vec3.h(155): warning C4244: “初始化”: 从“double”转换到“float”，可能丢失数据
i:\raytracingthenextweek\raytracing\raytracing\hitable_list.h(27): warning C4244: “参数”: 从“double”转换到“float”，可能丢失数据
i:\raytracingthenextweek\raytracing\raytracing\camera.h(21): warning C4244: “初始化”: 从“double”转换到“float”，可能丢失数据
i:\raytracingthenextweek\raytracing\raytracing\dielectrics.h(17): warning C4244: “初始化”: 从“double”转换到“float”，可能丢失数据
i:\raytracingthenextweek\raytracing\raytracing\dielectrics.h(50): warning C4244: “=”: 从“double”转换到“float”，可能丢失数据
i:\raytracingthenextweek\raytracing\raytracing\chapter_12.cpp(18): warning C4305: “参数”: 从“double”到“float”截断
i:\raytracingthenextweek\raytracing\raytracing\chapter_12.cpp(29): warning C4244: “初始化”: 从“double”转换到“float”，可能丢失数据
i:\raytracingthenextweek\raytracing\raytracing\chapter_12.cpp(30): warning C4244: “参数”: 从“double”转换到“float”，可能丢失数据
i:\raytracingthenextweek\raytracing\raytracing\chapter_12.cpp(30): warning C4305: “参数”: 从“double”到“float”截断
i:\raytracingthenextweek\raytracing\raytracing\chapter_12.cpp(45): warning C4244: “参数”: 从“double”转换到“float”，可能丢失数据
i:\raytracingthenextweek\raytracing\raytracing\chapter_12.cpp(45): warning C4305: “参数”: 从“double”到“float”截断
i:\raytracingthenextweek\raytracing\raytracing\chapter_12.cpp(56): warning C4305: “参数”: 从“double”到“float”截断
i:\raytracingthenextweek\raytracing\raytracing\chapter_12.cpp(64): warning C4244: “参数”: 从“double”转换到“float”，可能丢失数据
i:\raytracingthenextweek\raytracing\raytracing\chapter_12.cpp(64): warning C4305: “参数”: 从“double”到“float”截断
i:\raytracingthenextweek\raytracing\raytracing\chapter_12.cpp(68): warning C4305: “参数”: 从“double”到“float”截断
i:\raytracingthenextweek\raytracing\raytracing\chapter_12.cpp(76): warning C4305: “参数”: 从“double”到“float”截断
i:\raytracingthenextweek\raytracing\raytracing\chapter_12.cpp(77): warning C4305: “参数”: 从“double”到“float”截断
i:\raytracingthenextweek\raytracing\raytracing\chapter_12.cpp(94): warning C4244: “初始化”: 从“int”转换到“float”，可能丢失数据
  正在生成代码
  1 of 198 functions ( 0.5%) were compiled, the rest were copied from previous compilation.
    0 functions were new in current compilation
    0 functions had inline decision re-evaluated but remain unchanged
  已完成代码的生成
  RayTracing.vcxproj -> I:\RayTracingTheNextWeek\RayTracing\Release\RayTracing.exe
