  Picture_2_1.cpp
i:\raytracingthenextweek\raytracing\raytracing\vec3.h(60): warning C4244: “初始化”: 从“double”转换到“float”，可能丢失数据
i:\raytracingthenextweek\raytracing\raytracing\vec3.h(155): warning C4244: “初始化”: 从“double”转换到“float”，可能丢失数据
i:\raytracingthenextweek\raytracing\raytracing\hitable_list.h(27): warning C4244: “参数”: 从“double”转换到“float”，可能丢失数据
i:\raytracingthenextweek\raytracing\raytracing\camera.h(23): warning C4244: “初始化”: 从“double”转换到“float”，可能丢失数据
i:\raytracingthenextweek\raytracing\raytracing\dielectrics.h(17): warning C4244: “初始化”: 从“double”转换到“float”，可能丢失数据
i:\raytracingthenextweek\raytracing\raytracing\dielectrics.h(50): warning C4244: “=”: 从“double”转换到“float”，可能丢失数据
i:\raytracingthenextweek\raytracing\raytracing\picture_2_1.cpp(19): warning C4305: “参数”: 从“double”到“float”截断
i:\raytracingthenextweek\raytracing\raytracing\picture_2_1.cpp(30): warning C4244: “初始化”: 从“double”转换到“float”，可能丢失数据
i:\raytracingthenextweek\raytracing\raytracing\picture_2_1.cpp(31): warning C4244: “参数”: 从“double”转换到“float”，可能丢失数据
i:\raytracingthenextweek\raytracing\raytracing\picture_2_1.cpp(31): warning C4305: “参数”: 从“double”到“float”截断
i:\raytracingthenextweek\raytracing\raytracing\picture_2_1.cpp(46): warning C4244: “参数”: 从“double”转换到“float”，可能丢失数据
i:\raytracingthenextweek\raytracing\raytracing\picture_2_1.cpp(46): warning C4305: “参数”: 从“double”到“float”截断
i:\raytracingthenextweek\raytracing\raytracing\picture_2_1.cpp(57): warning C4244: “参数”: 从“double”转换到“float”，可能丢失数据
i:\raytracingthenextweek\raytracing\raytracing\picture_2_1.cpp(57): warning C4305: “参数”: 从“double”到“float”截断
i:\raytracingthenextweek\raytracing\raytracing\picture_2_1.cpp(65): warning C4244: “参数”: 从“double”转换到“float”，可能丢失数据
i:\raytracingthenextweek\raytracing\raytracing\picture_2_1.cpp(65): warning C4305: “参数”: 从“double”到“float”截断
i:\raytracingthenextweek\raytracing\raytracing\picture_2_1.cpp(69): warning C4305: “参数”: 从“double”到“float”截断
i:\raytracingthenextweek\raytracing\raytracing\picture_2_1.cpp(76): warning C4305: “参数”: 从“double”到“float”截断
i:\raytracingthenextweek\raytracing\raytracing\picture_2_1.cpp(77): warning C4305: “参数”: 从“double”到“float”截断
i:\raytracingthenextweek\raytracing\raytracing\picture_2_1.cpp(94): warning C4244: “初始化”: 从“int”转换到“float”，可能丢失数据
  RayTracing.vcxproj -> I:\RayTracingTheNextWeek\RayTracing\Debug\RayTracing.exe
